CRITICAL - 2022-11-28 04:30:53 --> Invalid argument supplied for foreach()
in APPPATH\Views\v_add_kantor.php on line 24.
 1 APPPATH\Views\v_add_kantor.php(24): CodeIgniter\Debug\Exceptions->errorHandler(2, 'Invalid argument supplied for foreach()', 'APPPATH\\Views\\v_add_kantor.php', 24, [...])
 2 SYSTEMPATH\View\View.php(213): include('APPPATH\\Views\\v_add_kantor.php')
 3 SYSTEMPATH\View\View.php(216): CodeIgniter\View\View->CodeIgniter\View\{closure}()
 4 SYSTEMPATH\Common.php(1134): CodeIgniter\View\View->render('v_add_kantor', [], true)
 5 APPPATH\Views\layout\v_content.php(4): view('v_add_kantor')
 6 SYSTEMPATH\View\View.php(213): include('APPPATH\\Views\\layout\\v_content.php')
 7 SYSTEMPATH\View\View.php(216): CodeIgniter\View\View->CodeIgniter\View\{closure}()
 8 SYSTEMPATH\Common.php(1134): CodeIgniter\View\View->render('layout/v_content', [], true)
 9 APPPATH\Views\layout\v_template.php(6): view('layout/v_content')
10 SYSTEMPATH\View\View.php(213): include('APPPATH\\Views\\layout\\v_template.php')
11 SYSTEMPATH\View\View.php(216): CodeIgniter\View\View->CodeIgniter\View\{closure}()
12 SYSTEMPATH\Common.php(1134): CodeIgniter\View\View->render('layout/v_template', [], true)
13 APPPATH\Controllers\Kantor.php(29): view('layout/v_template', [...])
14 SYSTEMPATH\CodeIgniter.php(927): App\Controllers\Kantor->add()
15 SYSTEMPATH\CodeIgniter.php(482): CodeIgniter\CodeIgniter->runController(Object(App\Controllers\Kantor))
16 SYSTEMPATH\CodeIgniter.php(351): CodeIgniter\CodeIgniter->handleRequest(null, Object(Config\Cache), false)
17 FCPATH\index.php(67): CodeIgniter\CodeIgniter->run()
CRITICAL - 2022-11-28 04:31:26 --> Invalid argument supplied for foreach()
in APPPATH\Views\v_add_kantor.php on line 24.
 1 APPPATH\Views\v_add_kantor.php(24): CodeIgniter\Debug\Exceptions->errorHandler(2, 'Invalid argument supplied for foreach()', 'APPPATH\\Views\\v_add_kantor.php', 24, [...])
 2 SYSTEMPATH\View\View.php(213): include('APPPATH\\Views\\v_add_kantor.php')
 3 SYSTEMPATH\View\View.php(216): CodeIgniter\View\View->CodeIgniter\View\{closure}()
 4 SYSTEMPATH\Common.php(1134): CodeIgniter\View\View->render('v_add_kantor', [], true)
 5 APPPATH\Views\layout\v_content.php(4): view('v_add_kantor')
 6 SYSTEMPATH\View\View.php(213): include('APPPATH\\Views\\layout\\v_content.php')
 7 SYSTEMPATH\View\View.php(216): CodeIgniter\View\View->CodeIgniter\View\{closure}()
 8 SYSTEMPATH\Common.php(1134): CodeIgniter\View\View->render('layout/v_content', [], true)
 9 APPPATH\Views\layout\v_template.php(6): view('layout/v_content')
10 SYSTEMPATH\View\View.php(213): include('APPPATH\\Views\\layout\\v_template.php')
11 SYSTEMPATH\View\View.php(216): CodeIgniter\View\View->CodeIgniter\View\{closure}()
12 SYSTEMPATH\Common.php(1134): CodeIgniter\View\View->render('layout/v_template', [], true)
13 APPPATH\Controllers\Kantor.php(29): view('layout/v_template', [...])
14 SYSTEMPATH\CodeIgniter.php(927): App\Controllers\Kantor->add()
15 SYSTEMPATH\CodeIgniter.php(482): CodeIgniter\CodeIgniter->runController(Object(App\Controllers\Kantor))
16 SYSTEMPATH\CodeIgniter.php(351): CodeIgniter\CodeIgniter->handleRequest(null, Object(Config\Cache), false)
17 FCPATH\index.php(67): CodeIgniter\CodeIgniter->run()
CRITICAL - 2022-11-28 04:32:54 --> Invalid argument supplied for foreach()
in APPPATH\Views\v_add_kantor.php on line 24.
 1 APPPATH\Views\v_add_kantor.php(24): CodeIgniter\Debug\Exceptions->errorHandler(2, 'Invalid argument supplied for foreach()', 'APPPATH\\Views\\v_add_kantor.php', 24, [...])
 2 SYSTEMPATH\View\View.php(213): include('APPPATH\\Views\\v_add_kantor.php')
 3 SYSTEMPATH\View\View.php(216): CodeIgniter\View\View->CodeIgniter\View\{closure}()
 4 SYSTEMPATH\Common.php(1134): CodeIgniter\View\View->render('v_add_kantor', [], true)
 5 APPPATH\Views\layout\v_content.php(4): view('v_add_kantor')
 6 SYSTEMPATH\View\View.php(213): include('APPPATH\\Views\\layout\\v_content.php')
 7 SYSTEMPATH\View\View.php(216): CodeIgniter\View\View->CodeIgniter\View\{closure}()
 8 SYSTEMPATH\Common.php(1134): CodeIgniter\View\View->render('layout/v_content', [], true)
 9 APPPATH\Views\layout\v_template.php(6): view('layout/v_content')
10 SYSTEMPATH\View\View.php(213): include('APPPATH\\Views\\layout\\v_template.php')
11 SYSTEMPATH\View\View.php(216): CodeIgniter\View\View->CodeIgniter\View\{closure}()
12 SYSTEMPATH\Common.php(1134): CodeIgniter\View\View->render('layout/v_template', [], true)
13 APPPATH\Controllers\Kantor.php(29): view('layout/v_template', [...])
14 SYSTEMPATH\CodeIgniter.php(927): App\Controllers\Kantor->add()
15 SYSTEMPATH\CodeIgniter.php(482): CodeIgniter\CodeIgniter->runController(Object(App\Controllers\Kantor))
16 SYSTEMPATH\CodeIgniter.php(351): CodeIgniter\CodeIgniter->handleRequest(null, Object(Config\Cache), false)
17 FCPATH\index.php(67): CodeIgniter\CodeIgniter->run()
CRITICAL - 2022-11-28 04:34:16 --> Invalid argument supplied for foreach()
in APPPATH\Views\v_add_kantor.php on line 24.
 1 APPPATH\Views\v_add_kantor.php(24): CodeIgniter\Debug\Exceptions->errorHandler(2, 'Invalid argument supplied for foreach()', 'APPPATH\\Views\\v_add_kantor.php', 24, [...])
 2 SYSTEMPATH\View\View.php(213): include('APPPATH\\Views\\v_add_kantor.php')
 3 SYSTEMPATH\View\View.php(216): CodeIgniter\View\View->CodeIgniter\View\{closure}()
 4 SYSTEMPATH\Common.php(1134): CodeIgniter\View\View->render('v_add_kantor', [], true)
 5 APPPATH\Views\layout\v_content.php(4): view('v_add_kantor')
 6 SYSTEMPATH\View\View.php(213): include('APPPATH\\Views\\layout\\v_content.php')
 7 SYSTEMPATH\View\View.php(216): CodeIgniter\View\View->CodeIgniter\View\{closure}()
 8 SYSTEMPATH\Common.php(1134): CodeIgniter\View\View->render('layout/v_content', [], true)
 9 APPPATH\Views\layout\v_template.php(6): view('layout/v_content')
10 SYSTEMPATH\View\View.php(213): include('APPPATH\\Views\\layout\\v_template.php')
11 SYSTEMPATH\View\View.php(216): CodeIgniter\View\View->CodeIgniter\View\{closure}()
12 SYSTEMPATH\Common.php(1134): CodeIgniter\View\View->render('layout/v_template', [], true)
13 APPPATH\Controllers\Kantor.php(29): view('layout/v_template', [...])
14 SYSTEMPATH\CodeIgniter.php(927): App\Controllers\Kantor->add()
15 SYSTEMPATH\CodeIgniter.php(482): CodeIgniter\CodeIgniter->runController(Object(App\Controllers\Kantor))
16 SYSTEMPATH\CodeIgniter.php(351): CodeIgniter\CodeIgniter->handleRequest(null, Object(Config\Cache), false)
17 FCPATH\index.php(67): CodeIgniter\CodeIgniter->run()
CRITICAL - 2022-11-28 04:36:29 --> Invalid argument supplied for foreach()
in APPPATH\Views\v_add_kantor.php on line 24.
 1 APPPATH\Views\v_add_kantor.php(24): CodeIgniter\Debug\Exceptions->errorHandler(2, 'Invalid argument supplied for foreach()', 'APPPATH\\Views\\v_add_kantor.php', 24, [...])
 2 SYSTEMPATH\View\View.php(213): include('APPPATH\\Views\\v_add_kantor.php')
 3 SYSTEMPATH\View\View.php(216): CodeIgniter\View\View->CodeIgniter\View\{closure}()
 4 SYSTEMPATH\Common.php(1134): CodeIgniter\View\View->render('v_add_kantor', [], true)
 5 APPPATH\Views\layout\v_content.php(4): view('v_add_kantor')
 6 SYSTEMPATH\View\View.php(213): include('APPPATH\\Views\\layout\\v_content.php')
 7 SYSTEMPATH\View\View.php(216): CodeIgniter\View\View->CodeIgniter\View\{closure}()
 8 SYSTEMPATH\Common.php(1134): CodeIgniter\View\View->render('layout/v_content', [], true)
 9 APPPATH\Views\layout\v_template.php(6): view('layout/v_content')
10 SYSTEMPATH\View\View.php(213): include('APPPATH\\Views\\layout\\v_template.php')
11 SYSTEMPATH\View\View.php(216): CodeIgniter\View\View->CodeIgniter\View\{closure}()
12 SYSTEMPATH\Common.php(1134): CodeIgniter\View\View->render('layout/v_template', [], true)
13 APPPATH\Controllers\Kantor.php(29): view('layout/v_template', [...])
14 SYSTEMPATH\CodeIgniter.php(927): App\Controllers\Kantor->add()
15 SYSTEMPATH\CodeIgniter.php(482): CodeIgniter\CodeIgniter->runController(Object(App\Controllers\Kantor))
16 SYSTEMPATH\CodeIgniter.php(351): CodeIgniter\CodeIgniter->handleRequest(null, Object(Config\Cache), false)
17 FCPATH\index.php(67): CodeIgniter\CodeIgniter->run()
CRITICAL - 2022-11-28 04:38:31 --> Invalid argument supplied for foreach()
in APPPATH\Views\v_add_kantor.php on line 24.
 1 APPPATH\Views\v_add_kantor.php(24): CodeIgniter\Debug\Exceptions->errorHandler(2, 'Invalid argument supplied for foreach()', 'APPPATH\\Views\\v_add_kantor.php', 24, [...])
 2 SYSTEMPATH\View\View.php(213): include('APPPATH\\Views\\v_add_kantor.php')
 3 SYSTEMPATH\View\View.php(216): CodeIgniter\View\View->CodeIgniter\View\{closure}()
 4 SYSTEMPATH\Common.php(1134): CodeIgniter\View\View->render('v_add_kantor', [], true)
 5 APPPATH\Views\layout\v_content.php(4): view('v_add_kantor')
 6 SYSTEMPATH\View\View.php(213): include('APPPATH\\Views\\layout\\v_content.php')
 7 SYSTEMPATH\View\View.php(216): CodeIgniter\View\View->CodeIgniter\View\{closure}()
 8 SYSTEMPATH\Common.php(1134): CodeIgniter\View\View->render('layout/v_content', [], true)
 9 APPPATH\Views\layout\v_template.php(6): view('layout/v_content')
10 SYSTEMPATH\View\View.php(213): include('APPPATH\\Views\\layout\\v_template.php')
11 SYSTEMPATH\View\View.php(216): CodeIgniter\View\View->CodeIgniter\View\{closure}()
12 SYSTEMPATH\Common.php(1134): CodeIgniter\View\View->render('layout/v_template', [], true)
13 APPPATH\Controllers\Kantor.php(29): view('layout/v_template', [...])
14 SYSTEMPATH\CodeIgniter.php(927): App\Controllers\Kantor->add()
15 SYSTEMPATH\CodeIgniter.php(482): CodeIgniter\CodeIgniter->runController(Object(App\Controllers\Kantor))
16 SYSTEMPATH\CodeIgniter.php(351): CodeIgniter\CodeIgniter->handleRequest(null, Object(Config\Cache), false)
17 FCPATH\index.php(67): CodeIgniter\CodeIgniter->run()
CRITICAL - 2022-11-28 04:39:22 --> Invalid argument supplied for foreach()
in APPPATH\Views\v_add_kantor.php on line 24.
 1 APPPATH\Views\v_add_kantor.php(24): CodeIgniter\Debug\Exceptions->errorHandler(2, 'Invalid argument supplied for foreach()', 'APPPATH\\Views\\v_add_kantor.php', 24, [...])
 2 SYSTEMPATH\View\View.php(213): include('APPPATH\\Views\\v_add_kantor.php')
 3 SYSTEMPATH\View\View.php(216): CodeIgniter\View\View->CodeIgniter\View\{closure}()
 4 SYSTEMPATH\Common.php(1134): CodeIgniter\View\View->render('v_add_kantor', [], true)
 5 APPPATH\Views\layout\v_content.php(4): view('v_add_kantor')
 6 SYSTEMPATH\View\View.php(213): include('APPPATH\\Views\\layout\\v_content.php')
 7 SYSTEMPATH\View\View.php(216): CodeIgniter\View\View->CodeIgniter\View\{closure}()
 8 SYSTEMPATH\Common.php(1134): CodeIgniter\View\View->render('layout/v_content', [], true)
 9 APPPATH\Views\layout\v_template.php(6): view('layout/v_content')
10 SYSTEMPATH\View\View.php(213): include('APPPATH\\Views\\layout\\v_template.php')
11 SYSTEMPATH\View\View.php(216): CodeIgniter\View\View->CodeIgniter\View\{closure}()
12 SYSTEMPATH\Common.php(1134): CodeIgniter\View\View->render('layout/v_template', [], true)
13 APPPATH\Controllers\Kantor.php(29): view('layout/v_template', [...])
14 SYSTEMPATH\CodeIgniter.php(927): App\Controllers\Kantor->add()
15 SYSTEMPATH\CodeIgniter.php(482): CodeIgniter\CodeIgniter->runController(Object(App\Controllers\Kantor))
16 SYSTEMPATH\CodeIgniter.php(351): CodeIgniter\CodeIgniter->handleRequest(null, Object(Config\Cache), false)
17 FCPATH\index.php(67): CodeIgniter\CodeIgniter->run()
CRITICAL - 2022-11-28 05:11:38 --> Could not move file phpBC4.tmp to C:\xampp\htdocs\ci4-giskantor\/ ()
in SYSTEMPATH\HTTP\Files\UploadedFile.php on line 149.
 1 SYSTEMPATH\HTTP\Files\UploadedFile.php(149): CodeIgniter\HTTP\Exceptions\HTTPException::forMoveFailed('phpBC4.tmp', 'C:\\xampp\\htdocs\\ci4-giskantor', 'C:\\xampp\\htdocs\\ci4-giskantor')
 2 APPPATH\Controllers\Kantor.php(104): CodeIgniter\HTTP\Files\UploadedFile->move('C:\\xampp\\htdocs\\ci4-giskantor', 'FCPATH\\foto', true)
 3 SYSTEMPATH\CodeIgniter.php(927): App\Controllers\Kantor->save()
 4 SYSTEMPATH\CodeIgniter.php(482): CodeIgniter\CodeIgniter->runController(Object(App\Controllers\Kantor))
 5 SYSTEMPATH\CodeIgniter.php(351): CodeIgniter\CodeIgniter->handleRequest(null, Object(Config\Cache), false)
 6 FCPATH\index.php(67): CodeIgniter\CodeIgniter->run()
CRITICAL - 2022-11-28 06:55:32 --> The original file is not a valid file.
in SYSTEMPATH\HTTP\Files\UploadedFile.php on line 137.
 1 SYSTEMPATH\HTTP\Files\UploadedFile.php(137): CodeIgniter\HTTP\Exceptions\HTTPException::forInvalidFile()
 2 APPPATH\Controllers\Kantor.php(194): CodeIgniter\HTTP\Files\UploadedFile->move('FCPATH\\foto', '1669640132_143715e86c5dcefc7a54')
 3 SYSTEMPATH\CodeIgniter.php(927): App\Controllers\Kantor->update('8')
 4 SYSTEMPATH\CodeIgniter.php(482): CodeIgniter\CodeIgniter->runController(Object(App\Controllers\Kantor))
 5 SYSTEMPATH\CodeIgniter.php(351): CodeIgniter\CodeIgniter->handleRequest(null, Object(Config\Cache), false)
 6 FCPATH\index.php(67): CodeIgniter\CodeIgniter->run()
ERROR - 2022-11-28 07:00:09 --> mysqli_sql_exception: Operand should contain 1 column(s) in C:\xampp\htdocs\ci4-giskantor\system\Database\MySQLi\Connection.php:292
Stack trace:
#0 C:\xampp\htdocs\ci4-giskantor\system\Database\MySQLi\Connection.php(292): mysqli->query('UPDATE `tbl_kan...', 0)
#1 C:\xampp\htdocs\ci4-giskantor\system\Database\BaseConnection.php(666): CodeIgniter\Database\MySQLi\Connection->execute('UPDATE `tbl_kan...')
#2 C:\xampp\htdocs\ci4-giskantor\system\Database\BaseConnection.php(593): CodeIgniter\Database\BaseConnection->simpleQuery('UPDATE `tbl_kan...')
#3 C:\xampp\htdocs\ci4-giskantor\system\Database\BaseBuilder.php(2079): CodeIgniter\Database\BaseConnection->query('UPDATE `tbl_kan...', Array, false)
#4 C:\xampp\htdocs\ci4-giskantor\app\Models\M_kantor.php(23): CodeIgniter\Database\BaseBuilder->update(Array)
#5 C:\xampp\htdocs\ci4-giskantor\app\Controllers\Kantor.php(195): App\Models\M_kantor->update_kantor(Array)
#6 C:\xampp\htdocs\ci4-giskantor\system\CodeIgniter.php(927): App\Controllers\Kantor->update('1')
#7 C:\xampp\htdocs\ci4-giskantor\system\CodeIgniter.php(482): CodeIgniter\CodeIgniter->runController(Object(App\Controllers\Kantor))
#8 C:\xampp\htdocs\ci4-giskantor\system\CodeIgniter.php(351): CodeIgniter\CodeIgniter->handleRequest(NULL, Object(Config\Cache), false)
#9 C:\xampp\htdocs\ci4-giskantor\index.php(67): CodeIgniter\CodeIgniter->run()
#10 {main}
CRITICAL - 2022-11-28 07:00:09 --> Operand should contain 1 column(s)
in SYSTEMPATH\Database\MySQLi\Connection.php on line 292.
 1 SYSTEMPATH\Database\MySQLi\Connection.php(292): mysqli->query('UPDATE `tbl_kantor` SET `id` = (\'1\',\'kantor bupati\',\'Jl. Bupati Jawa Tengah\',\'084521546124\',\'-6.9013761239721045\',\'109.38906172413067\',\'kantor pertama\',\'1669640409_2bcd536f7b7de99bb38b.png\')', 0)
 2 SYSTEMPATH\Database\BaseConnection.php(666): CodeIgniter\Database\MySQLi\Connection->execute('UPDATE `tbl_kantor` SET `id` = (\'1\',\'kantor bupati\',\'Jl. Bupati Jawa Tengah\',\'084521546124\',\'-6.9013761239721045\',\'109.38906172413067\',\'kantor pertama\',\'1669640409_2bcd536f7b7de99bb38b.png\')')
 3 SYSTEMPATH\Database\BaseConnection.php(593): CodeIgniter\Database\BaseConnection->simpleQuery('UPDATE `tbl_kantor` SET `id` = (\'1\',\'kantor bupati\',\'Jl. Bupati Jawa Tengah\',\'084521546124\',\'-6.9013761239721045\',\'109.38906172413067\',\'kantor pertama\',\'1669640409_2bcd536f7b7de99bb38b.png\')')
 4 SYSTEMPATH\Database\BaseBuilder.php(2079): CodeIgniter\Database\BaseConnection->query('UPDATE `tbl_kantor` SET `id` = :id:', [...], false)
 5 APPPATH\Models\M_kantor.php(23): CodeIgniter\Database\BaseBuilder->update([...])
 6 APPPATH\Controllers\Kantor.php(195): App\Models\M_kantor->update_kantor([...])
 7 SYSTEMPATH\CodeIgniter.php(927): App\Controllers\Kantor->update('1')
 8 SYSTEMPATH\CodeIgniter.php(482): CodeIgniter\CodeIgniter->runController(Object(App\Controllers\Kantor))
 9 SYSTEMPATH\CodeIgniter.php(351): CodeIgniter\CodeIgniter->handleRequest(null, Object(Config\Cache), false)
10 FCPATH\index.php(67): CodeIgniter\CodeIgniter->run()
CRITICAL - 2022-11-28 08:14:16 --> Undefined variable: id
in APPPATH\Models\M_kantor.php on line 23.
 1 APPPATH\Models\M_kantor.php(23): CodeIgniter\Debug\Exceptions->errorHandler(8, 'Undefined variable: id', 'APPPATH\\Models\\M_kantor.php', 23, [...])
 2 APPPATH\Controllers\Kantor.php(195): App\Models\M_kantor->update_kantor([...])
 3 SYSTEMPATH\CodeIgniter.php(927): App\Controllers\Kantor->update('1')
 4 SYSTEMPATH\CodeIgniter.php(482): CodeIgniter\CodeIgniter->runController(Object(App\Controllers\Kantor))
 5 SYSTEMPATH\CodeIgniter.php(351): CodeIgniter\CodeIgniter->handleRequest(null, Object(Config\Cache), false)
 6 FCPATH\index.php(67): CodeIgniter\CodeIgniter->run()
ERROR - 2022-11-28 08:14:52 --> mysqli_sql_exception: Operand should contain 1 column(s) in C:\xampp\htdocs\ci4-giskantor\system\Database\MySQLi\Connection.php:292
Stack trace:
#0 C:\xampp\htdocs\ci4-giskantor\system\Database\MySQLi\Connection.php(292): mysqli->query('UPDATE `tbl_kan...', 0)
#1 C:\xampp\htdocs\ci4-giskantor\system\Database\BaseConnection.php(666): CodeIgniter\Database\MySQLi\Connection->execute('UPDATE `tbl_kan...')
#2 C:\xampp\htdocs\ci4-giskantor\system\Database\BaseConnection.php(593): CodeIgniter\Database\BaseConnection->simpleQuery('UPDATE `tbl_kan...')
#3 C:\xampp\htdocs\ci4-giskantor\system\Database\BaseBuilder.php(2079): CodeIgniter\Database\BaseConnection->query('UPDATE `tbl_kan...', Array, false)
#4 C:\xampp\htdocs\ci4-giskantor\app\Models\M_kantor.php(23): CodeIgniter\Database\BaseBuilder->update(Array)
#5 C:\xampp\htdocs\ci4-giskantor\app\Controllers\Kantor.php(195): App\Models\M_kantor->update_kantor(Array)
#6 C:\xampp\htdocs\ci4-giskantor\system\CodeIgniter.php(927): App\Controllers\Kantor->update('1')
#7 C:\xampp\htdocs\ci4-giskantor\system\CodeIgniter.php(482): CodeIgniter\CodeIgniter->runController(Object(App\Controllers\Kantor))
#8 C:\xampp\htdocs\ci4-giskantor\system\CodeIgniter.php(351): CodeIgniter\CodeIgniter->handleRequest(NULL, Object(Config\Cache), false)
#9 C:\xampp\htdocs\ci4-giskantor\index.php(67): CodeIgniter\CodeIgniter->run()
#10 {main}
CRITICAL - 2022-11-28 08:14:52 --> Operand should contain 1 column(s)
in SYSTEMPATH\Database\MySQLi\Connection.php on line 292.
 1 SYSTEMPATH\Database\MySQLi\Connection.php(292): mysqli->query('UPDATE `tbl_kantor` SET `id` = (\'1\',\'kantor bupati\',\'Jl. Bupati Jawa Tengah\',\'084521546124\',\'-6.9013761239721045\',\'109.38906172413067\',\'kantor pertama\',\'1669644892_be03a858ff0f80b74fa9.png\')', 0)
 2 SYSTEMPATH\Database\BaseConnection.php(666): CodeIgniter\Database\MySQLi\Connection->execute('UPDATE `tbl_kantor` SET `id` = (\'1\',\'kantor bupati\',\'Jl. Bupati Jawa Tengah\',\'084521546124\',\'-6.9013761239721045\',\'109.38906172413067\',\'kantor pertama\',\'1669644892_be03a858ff0f80b74fa9.png\')')
 3 SYSTEMPATH\Database\BaseConnection.php(593): CodeIgniter\Database\BaseConnection->simpleQuery('UPDATE `tbl_kantor` SET `id` = (\'1\',\'kantor bupati\',\'Jl. Bupati Jawa Tengah\',\'084521546124\',\'-6.9013761239721045\',\'109.38906172413067\',\'kantor pertama\',\'1669644892_be03a858ff0f80b74fa9.png\')')
 4 SYSTEMPATH\Database\BaseBuilder.php(2079): CodeIgniter\Database\BaseConnection->query('UPDATE `tbl_kantor` SET `id` = :id:', [...], false)
 5 APPPATH\Models\M_kantor.php(23): CodeIgniter\Database\BaseBuilder->update([...])
 6 APPPATH\Controllers\Kantor.php(195): App\Models\M_kantor->update_kantor([...])
 7 SYSTEMPATH\CodeIgniter.php(927): App\Controllers\Kantor->update('1')
 8 SYSTEMPATH\CodeIgniter.php(482): CodeIgniter\CodeIgniter->runController(Object(App\Controllers\Kantor))
 9 SYSTEMPATH\CodeIgniter.php(351): CodeIgniter\CodeIgniter->handleRequest(null, Object(Config\Cache), false)
10 FCPATH\index.php(67): CodeIgniter\CodeIgniter->run()
CRITICAL - 2022-11-28 08:15:53 --> Too few arguments to function App\Models\M_kantor::update_kantor(), 1 passed in C:\xampp\htdocs\ci4-giskantor\app\Controllers\Kantor.php on line 195 and exactly 2 expected
in APPPATH\Models\M_kantor.php on line 22.
 1 APPPATH\Controllers\Kantor.php(195): App\Models\M_kantor->update_kantor([...])
 2 SYSTEMPATH\CodeIgniter.php(927): App\Controllers\Kantor->update('1')
 3 SYSTEMPATH\CodeIgniter.php(482): CodeIgniter\CodeIgniter->runController(Object(App\Controllers\Kantor))
 4 SYSTEMPATH\CodeIgniter.php(351): CodeIgniter\CodeIgniter->handleRequest(null, Object(Config\Cache), false)
 5 FCPATH\index.php(67): CodeIgniter\CodeIgniter->run()
CRITICAL - 2022-11-28 08:18:25 --> The original file is not a valid file.
in SYSTEMPATH\HTTP\Files\UploadedFile.php on line 137.
 1 SYSTEMPATH\HTTP\Files\UploadedFile.php(137): CodeIgniter\HTTP\Exceptions\HTTPException::forInvalidFile()
 2 APPPATH\Controllers\Kantor.php(193): CodeIgniter\HTTP\Files\UploadedFile->move('FCPATH\\foto', '1669645105_cfd6f148763ec150df34')
 3 SYSTEMPATH\CodeIgniter.php(927): App\Controllers\Kantor->update('2')
 4 SYSTEMPATH\CodeIgniter.php(482): CodeIgniter\CodeIgniter->runController(Object(App\Controllers\Kantor))
 5 SYSTEMPATH\CodeIgniter.php(351): CodeIgniter\CodeIgniter->handleRequest(null, Object(Config\Cache), false)
 6 FCPATH\index.php(67): CodeIgniter\CodeIgniter->run()
CRITICAL - 2022-11-28 08:22:46 --> The original file is not a valid file.
in SYSTEMPATH\HTTP\Files\UploadedFile.php on line 137.
 1 SYSTEMPATH\HTTP\Files\UploadedFile.php(137): CodeIgniter\HTTP\Exceptions\HTTPException::forInvalidFile()
 2 APPPATH\Controllers\Kantor.php(193): CodeIgniter\HTTP\Files\UploadedFile->move('FCPATH\\foto', '1669645366_fbaba5b8ffe31698aaf7')
 3 SYSTEMPATH\CodeIgniter.php(927): App\Controllers\Kantor->update('3')
 4 SYSTEMPATH\CodeIgniter.php(482): CodeIgniter\CodeIgniter->runController(Object(App\Controllers\Kantor))
 5 SYSTEMPATH\CodeIgniter.php(351): CodeIgniter\CodeIgniter->handleRequest(null, Object(Config\Cache), false)
 6 FCPATH\index.php(67): CodeIgniter\CodeIgniter->run()
