CRITICAL - 2022-11-24 18:48:22 --> Call to a member function get_all_data() on null
in APPPATH\Controllers\Kantor.php on line 17.
 1 SYSTEMPATH\CodeIgniter.php(927): App\Controllers\Kantor->index()
 2 SYSTEMPATH\CodeIgniter.php(482): CodeIgniter\CodeIgniter->runController(Object(App\Controllers\Kantor))
 3 SYSTEMPATH\CodeIgniter.php(351): CodeIgniter\CodeIgniter->handleRequest(null, Object(Config\Cache), false)
 4 FCPATH\index.php(67): CodeIgniter\CodeIgniter->run()
CRITICAL - 2022-11-24 18:49:45 --> Call to a member function getResultArray() on null
in APPPATH\Models\M_kantor.php on line 11.
 1 APPPATH\Controllers\Kantor.php(17): App\Models\M_kantor->get_all_data()
 2 SYSTEMPATH\CodeIgniter.php(927): App\Controllers\Kantor->index()
 3 SYSTEMPATH\CodeIgniter.php(482): CodeIgniter\CodeIgniter->runController(Object(App\Controllers\Kantor))
 4 SYSTEMPATH\CodeIgniter.php(351): CodeIgniter\CodeIgniter->handleRequest(null, Object(Config\Cache), false)
 5 FCPATH\index.php(67): CodeIgniter\CodeIgniter->run()
CRITICAL - 2022-11-24 19:09:49 --> Invalid file: v_add_kantor.php
in SYSTEMPATH\Exceptions\FrameworkException.php on line 33.
 1 SYSTEMPATH\View\View.php(201): CodeIgniter\Exceptions\FrameworkException::forInvalidFile('v_add_kantor.php')
 2 SYSTEMPATH\Common.php(1134): CodeIgniter\View\View->render('v_add_kantor', [], true)
 3 APPPATH\Views\layout\v_content.php(4): view('v_add_kantor')
 4 SYSTEMPATH\View\View.php(213): include('APPPATH\\Views\\layout\\v_content.php')
 5 SYSTEMPATH\View\View.php(216): CodeIgniter\View\View->CodeIgniter\View\{closure}()
 6 SYSTEMPATH\Common.php(1134): CodeIgniter\View\View->render('layout/v_content', [], true)
 7 APPPATH\Views\layout\v_template.php(6): view('layout/v_content')
 8 SYSTEMPATH\View\View.php(213): include('APPPATH\\Views\\layout\\v_template.php')
 9 SYSTEMPATH\View\View.php(216): CodeIgniter\View\View->CodeIgniter\View\{closure}()
10 SYSTEMPATH\Common.php(1134): CodeIgniter\View\View->render('layout/v_template', [], true)
11 APPPATH\Controllers\Kantor.php(28): view('layout/v_template', [...])
12 SYSTEMPATH\CodeIgniter.php(927): App\Controllers\Kantor->add()
13 SYSTEMPATH\CodeIgniter.php(482): CodeIgniter\CodeIgniter->runController(Object(App\Controllers\Kantor))
14 SYSTEMPATH\CodeIgniter.php(351): CodeIgniter\CodeIgniter->handleRequest(null, Object(Config\Cache), false)
15 FCPATH\index.php(67): CodeIgniter\CodeIgniter->run()
CRITICAL - 2022-11-24 19:10:31 --> Invalid file: v_add_kantor.php
in SYSTEMPATH\Exceptions\FrameworkException.php on line 33.
 1 SYSTEMPATH\View\View.php(201): CodeIgniter\Exceptions\FrameworkException::forInvalidFile('v_add_kantor.php')
 2 SYSTEMPATH\Common.php(1134): CodeIgniter\View\View->render('v_add_kantor', [], true)
 3 APPPATH\Views\layout\v_content.php(4): view('v_add_kantor')
 4 SYSTEMPATH\View\View.php(213): include('APPPATH\\Views\\layout\\v_content.php')
 5 SYSTEMPATH\View\View.php(216): CodeIgniter\View\View->CodeIgniter\View\{closure}()
 6 SYSTEMPATH\Common.php(1134): CodeIgniter\View\View->render('layout/v_content', [], true)
 7 APPPATH\Views\layout\v_template.php(6): view('layout/v_content')
 8 SYSTEMPATH\View\View.php(213): include('APPPATH\\Views\\layout\\v_template.php')
 9 SYSTEMPATH\View\View.php(216): CodeIgniter\View\View->CodeIgniter\View\{closure}()
10 SYSTEMPATH\Common.php(1134): CodeIgniter\View\View->render('layout/v_template', [], true)
11 APPPATH\Controllers\Kantor.php(28): view('layout/v_template', [...])
12 SYSTEMPATH\CodeIgniter.php(927): App\Controllers\Kantor->add()
13 SYSTEMPATH\CodeIgniter.php(482): CodeIgniter\CodeIgniter->runController(Object(App\Controllers\Kantor))
14 SYSTEMPATH\CodeIgniter.php(351): CodeIgniter\CodeIgniter->handleRequest(null, Object(Config\Cache), false)
15 FCPATH\index.php(67): CodeIgniter\CodeIgniter->run()
CRITICAL - 2022-11-24 19:10:33 --> Invalid file: v_add_kantor.php
in SYSTEMPATH\Exceptions\FrameworkException.php on line 33.
 1 SYSTEMPATH\View\View.php(201): CodeIgniter\Exceptions\FrameworkException::forInvalidFile('v_add_kantor.php')
 2 SYSTEMPATH\Common.php(1134): CodeIgniter\View\View->render('v_add_kantor', [], true)
 3 APPPATH\Views\layout\v_content.php(4): view('v_add_kantor')
 4 SYSTEMPATH\View\View.php(213): include('APPPATH\\Views\\layout\\v_content.php')
 5 SYSTEMPATH\View\View.php(216): CodeIgniter\View\View->CodeIgniter\View\{closure}()
 6 SYSTEMPATH\Common.php(1134): CodeIgniter\View\View->render('layout/v_content', [], true)
 7 APPPATH\Views\layout\v_template.php(6): view('layout/v_content')
 8 SYSTEMPATH\View\View.php(213): include('APPPATH\\Views\\layout\\v_template.php')
 9 SYSTEMPATH\View\View.php(216): CodeIgniter\View\View->CodeIgniter\View\{closure}()
10 SYSTEMPATH\Common.php(1134): CodeIgniter\View\View->render('layout/v_template', [], true)
11 APPPATH\Controllers\Kantor.php(28): view('layout/v_template', [...])
12 SYSTEMPATH\CodeIgniter.php(927): App\Controllers\Kantor->add()
13 SYSTEMPATH\CodeIgniter.php(482): CodeIgniter\CodeIgniter->runController(Object(App\Controllers\Kantor))
14 SYSTEMPATH\CodeIgniter.php(351): CodeIgniter\CodeIgniter->handleRequest(null, Object(Config\Cache), false)
15 FCPATH\index.php(67): CodeIgniter\CodeIgniter->run()
CRITICAL - 2022-11-24 19:10:33 --> Invalid file: v_add_kantor.php
in SYSTEMPATH\Exceptions\FrameworkException.php on line 33.
 1 SYSTEMPATH\View\View.php(201): CodeIgniter\Exceptions\FrameworkException::forInvalidFile('v_add_kantor.php')
 2 SYSTEMPATH\Common.php(1134): CodeIgniter\View\View->render('v_add_kantor', [], true)
 3 APPPATH\Views\layout\v_content.php(4): view('v_add_kantor')
 4 SYSTEMPATH\View\View.php(213): include('APPPATH\\Views\\layout\\v_content.php')
 5 SYSTEMPATH\View\View.php(216): CodeIgniter\View\View->CodeIgniter\View\{closure}()
 6 SYSTEMPATH\Common.php(1134): CodeIgniter\View\View->render('layout/v_content', [], true)
 7 APPPATH\Views\layout\v_template.php(6): view('layout/v_content')
 8 SYSTEMPATH\View\View.php(213): include('APPPATH\\Views\\layout\\v_template.php')
 9 SYSTEMPATH\View\View.php(216): CodeIgniter\View\View->CodeIgniter\View\{closure}()
10 SYSTEMPATH\Common.php(1134): CodeIgniter\View\View->render('layout/v_template', [], true)
11 APPPATH\Controllers\Kantor.php(28): view('layout/v_template', [...])
12 SYSTEMPATH\CodeIgniter.php(927): App\Controllers\Kantor->add()
13 SYSTEMPATH\CodeIgniter.php(482): CodeIgniter\CodeIgniter->runController(Object(App\Controllers\Kantor))
14 SYSTEMPATH\CodeIgniter.php(351): CodeIgniter\CodeIgniter->handleRequest(null, Object(Config\Cache), false)
15 FCPATH\index.php(67): CodeIgniter\CodeIgniter->run()
CRITICAL - 2022-11-24 19:12:30 --> Invalid file: v_add_kantor.php
in SYSTEMPATH\Exceptions\FrameworkException.php on line 33.
 1 SYSTEMPATH\View\View.php(201): CodeIgniter\Exceptions\FrameworkException::forInvalidFile('v_add_kantor.php')
 2 SYSTEMPATH\Common.php(1134): CodeIgniter\View\View->render('v_add_kantor', [], true)
 3 APPPATH\Views\layout\v_content.php(4): view('v_add_kantor')
 4 SYSTEMPATH\View\View.php(213): include('APPPATH\\Views\\layout\\v_content.php')
 5 SYSTEMPATH\View\View.php(216): CodeIgniter\View\View->CodeIgniter\View\{closure}()
 6 SYSTEMPATH\Common.php(1134): CodeIgniter\View\View->render('layout/v_content', [], true)
 7 APPPATH\Views\layout\v_template.php(6): view('layout/v_content')
 8 SYSTEMPATH\View\View.php(213): include('APPPATH\\Views\\layout\\v_template.php')
 9 SYSTEMPATH\View\View.php(216): CodeIgniter\View\View->CodeIgniter\View\{closure}()
10 SYSTEMPATH\Common.php(1134): CodeIgniter\View\View->render('layout/v_template', [], true)
11 APPPATH\Controllers\Kantor.php(28): view('layout/v_template', [...])
12 SYSTEMPATH\CodeIgniter.php(927): App\Controllers\Kantor->add()
13 SYSTEMPATH\CodeIgniter.php(482): CodeIgniter\CodeIgniter->runController(Object(App\Controllers\Kantor))
14 SYSTEMPATH\CodeIgniter.php(351): CodeIgniter\CodeIgniter->handleRequest(null, Object(Config\Cache), false)
15 FCPATH\index.php(67): CodeIgniter\CodeIgniter->run()
